# JRE version: OpenJDK Runtime Environment (8.0_432-b06) (build 1.8.0_432-b06)
# Java VM: OpenJDK 64-Bit Server VM (25.432-b06 mixed mode bsd-aarch64 compressed oops)
Heap:
 PSYoungGen      total 203776K, used 181188K [0x000000076ab00000, 0x000000077a900000, 0x00000007c0000000)
  eden space 193536K, 93% used [0x000000076ab00000,0x0000000775ba93f0,0x0000000776800000)
  from space 10240K, 2% used [0x0000000779500000,0x0000000779548000,0x0000000779f00000)
  to   space 10240K, 0% used [0x0000000779f00000,0x0000000779f00000,0x000000077a900000)
 ParOldGen       total 214016K, used 41604K [0x00000006c0000000, 0x00000006cd100000, 0x000000076ab00000)
  object space 214016K, 19% used [0x00000006c0000000,0x00000006c28a11d8,0x00000006cd100000)
 Metaspace       used 12641K, capacity 13058K, committed 13184K, reserved 1060864K
  class space    used 1461K, capacity 1580K, committed 1664K, reserved 1048576K
GC Heap History (10 events):
Event: 21.442 GC heap before
{Heap before GC invocations=16 (full 1):
 PSYoungGen      total 230912K, used 230795K [0x000000076ab00000, 0x000000077ba80000, 0x00000007c0000000)
  eden space 230400K, 99% used [0x000000076ab00000,0x0000000778bfacb8,0x0000000778c00000)
  from space 512K, 81% used [0x000000077ba00000,0x000000077ba68000,0x000000077ba80000)
  to   space 8192K, 0% used [0x000000077aa80000,0x000000077aa80000,0x000000077b280000)
 ParOldGen       total 214016K, used 41444K [0x00000006c0000000, 0x00000006cd100000, 0x000000076ab00000)
  object space 214016K, 19% used [0x00000006c0000000,0x00000006c28791c8,0x00000006cd100000)
 Metaspace       used 12600K, capacity 12994K, committed 13184K, reserved 1060864K
  class space    used 1458K, capacity 1580K, committed 1664K, reserved 1048576K
Event: 21.443 GC heap after
Heap after GC invocations=16 (full 1):
 PSYoungGen      total 222720K, used 416K [0x000000076ab00000, 0x000000077ba80000, 0x00000007c0000000)
  eden space 222208K, 0% used [0x000000076ab00000,0x000000076ab00000,0x0000000778400000)
  from space 512K, 81% used [0x000000077aa80000,0x000000077aae8000,0x000000077ab00000)
  to   space 9216K, 0% used [0x000000077b180000,0x000000077b180000,0x000000077ba80000)
 ParOldGen       total 214016K, used 41444K [0x00000006c0000000, 0x00000006cd100000, 0x000000076ab00000)
  object space 214016K, 19% used [0x00000006c0000000,0x00000006c28791c8,0x00000006cd100000)
 Metaspace       used 12600K, capacity 12994K, committed 13184K, reserved 1060864K
  class space    used 1458K, capacity 1580K, committed 1664K, reserved 1048576K
}
Event: 23.207 GC heap before
{Heap before GC invocations=17 (full 1):
 PSYoungGen      total 222720K, used 222624K [0x000000076ab00000, 0x000000077ba80000, 0x00000007c0000000)
  eden space 222208K, 100% used [0x000000076ab00000,0x0000000778400000,0x0000000778400000)
  from space 512K, 81% used [0x000000077aa80000,0x000000077aae8000,0x000000077ab00000)
  to   space 9216K, 0% used [0x000000077b180000,0x000000077b180000,0x000000077ba80000)
 ParOldGen       total 214016K, used 41444K [0x00000006c0000000, 0x00000006cd100000, 0x000000076ab00000)
  object space 214016K, 19% used [0x00000006c0000000,0x00000006c28791c8,0x00000006cd100000)
 Metaspace       used 12600K, capacity 12994K, committed 13184K, reserved 1060864K
  class space    used 1458K, capacity 1580K, committed 1664K, reserved 1048576K
Event: 23.208 GC heap after
Heap after GC invocations=17 (full 1):
 PSYoungGen      total 215040K, used 384K [0x000000076ab00000, 0x000000077b200000, 0x00000007c0000000)
  eden space 214528K, 0% used [0x000000076ab00000,0x000000076ab00000,0x0000000777c80000)
  from space 512K, 75% used [0x000000077b180000,0x000000077b1e0000,0x000000077b200000)
  to   space 9728K, 0% used [0x0000000779f00000,0x0000000779f00000,0x000000077a880000)
 ParOldGen       total 214016K, used 41444K [0x00000006c0000000, 0x00000006cd100000, 0x000000076ab00000)
  object space 214016K, 19% used [0x00000006c0000000,0x00000006c28791c8,0x00000006cd100000)
 Metaspace       used 12600K, capacity 12994K, committed 13184K, reserved 1060864K
  class space    used 1458K, capacity 1580K, committed 1664K, reserved 1048576K
}
Event: 24.894 GC heap before
{Heap before GC invocations=18 (full 1):
 PSYoungGen      total 215040K, used 214201K [0x000000076ab00000, 0x000000077b200000, 0x00000007c0000000)
  eden space 214528K, 99% used [0x000000076ab00000,0x0000000777bce5b0,0x0000000777c80000)
  from space 512K, 75% used [0x000000077b180000,0x000000077b1e0000,0x000000077b200000)
  to   space 9728K, 0% used [0x0000000779f00000,0x0000000779f00000,0x000000077a880000)
 ParOldGen       total 214016K, used 41444K [0x00000006c0000000, 0x00000006cd100000, 0x000000076ab00000)
  object space 214016K, 19% used [0x00000006c0000000,0x00000006c28791c8,0x00000006cd100000)
 Metaspace       used 12600K, capacity 12994K, committed 13184K, reserved 1060864K
  class space    used 1458K, capacity 1580K, committed 1664K, reserved 1048576K
Event: 24.894 GC heap after
Heap after GC invocations=18 (full 1):
 PSYoungGen      total 217088K, used 256K [0x000000076ab00000, 0x000000077b200000, 0x00000007c0000000)
  eden space 207360K, 0% used [0x000000076ab00000,0x000000076ab00000,0x0000000777580000)
  from space 9728K, 2% used [0x0000000779f00000,0x0000000779f40000,0x000000077a880000)
  to   space 9728K, 0% used [0x000000077a880000,0x000000077a880000,0x000000077b200000)
 ParOldGen       total 214016K, used 41564K [0x00000006c0000000, 0x00000006cd100000, 0x000000076ab00000)
  object space 214016K, 19% used [0x00000006c0000000,0x00000006c28971d8,0x00000006cd100000)
 Metaspace       used 12600K, capacity 12994K, committed 13184K, reserved 1060864K
  class space    used 1458K, capacity 1580K, committed 1664K, reserved 1048576K
}
Event: 26.532 GC heap before
{Heap before GC invocations=19 (full 1):
 PSYoungGen      total 217088K, used 207616K [0x000000076ab00000, 0x000000077b200000, 0x00000007c0000000)
  eden space 207360K, 100% used [0x000000076ab00000,0x0000000777580000,0x0000000777580000)
  from space 9728K, 2% used [0x0000000779f00000,0x0000000779f40000,0x000000077a880000)
  to   space 9728K, 0% used [0x000000077a880000,0x000000077a880000,0x000000077b200000)
 ParOldGen       total 214016K, used 41564K [0x00000006c0000000, 0x00000006cd100000, 0x000000076ab00000)
  object space 214016K, 19% used [0x00000006c0000000,0x00000006c28971d8,0x00000006cd100000)
 Metaspace       used 12600K, capacity 12994K, committed 13184K, reserved 1060864K
  class space    used 1458K, capacity 1580K, committed 1664K, reserved 1048576K
Event: 26.532 GC heap after
Heap after GC invocations=19 (full 1):
 PSYoungGen      total 200704K, used 320K [0x000000076ab00000, 0x000000077a900000, 0x00000007c0000000)
  eden space 200192K, 0% used [0x000000076ab00000,0x000000076ab00000,0x0000000776e80000)
  from space 512K, 62% used [0x000000077a880000,0x000000077a8d0000,0x000000077a900000)
  to   space 10240K, 0% used [0x0000000779500000,0x0000000779500000,0x0000000779f00000)
 ParOldGen       total 214016K, used 41604K [0x00000006c0000000, 0x00000006cd100000, 0x000000076ab00000)
  object space 214016K, 19% used [0x00000006c0000000,0x00000006c28a11d8,0x00000006cd100000)
 Metaspace       used 12600K, capacity 12994K, committed 13184K, reserved 1060864K
  class space    used 1458K, capacity 1580K, committed 1664K, reserved 1048576K
}
Event: 28.147 GC heap before
{Heap before GC invocations=20 (full 1):
 PSYoungGen      total 200704K, used 200480K [0x000000076ab00000, 0x000000077a900000, 0x00000007c0000000)
  eden space 200192K, 99% used [0x000000076ab00000,0x0000000776e78360,0x0000000776e80000)
  from space 512K, 62% used [0x000000077a880000,0x000000077a8d0000,0x000000077a900000)
  to   space 10240K, 0% used [0x0000000779500000,0x0000000779500000,0x0000000779f00000)
 ParOldGen       total 214016K, used 41604K [0x00000006c0000000, 0x00000006cd100000, 0x000000076ab00000)
  object space 214016K, 19% used [0x00000006c0000000,0x00000006c28a11d8,0x00000006cd100000)
 Metaspace       used 12617K, capacity 12994K, committed 13184K, reserved 1060864K
  class space    used 1458K, capacity 1580K, committed 1664K, reserved 1048576K
Event: 28.148 GC heap after
Heap after GC invocations=20 (full 1):
 PSYoungGen      total 203776K, used 288K [0x000000076ab00000, 0x000000077a900000, 0x00000007c0000000)
  eden space 193536K, 0% used [0x000000076ab00000,0x000000076ab00000,0x0000000776800000)
  from space 10240K, 2% used [0x0000000779500000,0x0000000779548000,0x0000000779f00000)
  to   space 10240K, 0% used [0x0000000779f00000,0x0000000779f00000,0x000000077a900000)
 ParOldGen       total 214016K, used 41604K [0x00000006c0000000, 0x00000006cd100000, 0x000000076ab00000)
  object space 214016K, 19% used [0x00000006c0000000,0x00000006c28a11d8,0x00000006cd100000)
 Metaspace       used 12617K, capacity 12994K, committed 13184K, reserved 1060864K
  class space    used 1458K, capacity 1580K, committed 1664K, reserved 1048576K
}

